#
# There is insufficient memory for the Java Runtime Environment to continue.
# Native memory allocation (mmap) failed to map 67108864 bytes. Error detail: G1 virtual space
# Possible reasons:
#   The system is out of physical RAM or swap space
#   This process is running with CompressedOops enabled, and the Java Heap may be blocking the growth of the native heap
# Possible solutions:
#   Reduce memory load on the system
#   Increase physical memory or swap space
#   Check if swap backing store is full
#   Decrease Java heap size (-Xmx/-Xms)
#   Decrease number of Java threads
#   Decrease Java thread stack sizes (-Xss)
#   Set larger code cache with -XX:ReservedCodeCacheSize=
#   JVM is running with Unscaled Compressed Oops mode in which the Java heap is
#     placed in the first 4GB address space. The Java Heap base address is the
#     maximum limit for the native heap growth. Please use -XX:HeapBaseMinAddress
#     to set the Java Heap base and to place the Java Heap above 4GB virtual address.
# This output file may be truncated or incomplete.
#
#  Out of Memory Error (os_windows.cpp:3679), pid=15604, tid=5572
#
# JRE version:  (17.0.13+11) (build )
# Java VM: OpenJDK 64-Bit Server VM (17.0.13+11-LTS, mixed mode, sharing, tiered, compressed oops, compressed class ptrs, g1 gc, windows-amd64)
# No core dump will be written. Minidumps are not enabled by default on client versions of Windows
#

---------------  S U M M A R Y ------------

Command Line: -Xmx64m -Xms64m -Dorg.gradle.appname=gradlew org.gradle.wrapper.GradleWrapperMain app:installDebug -PreactNativeDevServerPort=8081

Host: Intel(R) Core(TM) i5-6200U CPU @ 2.30GHz, 4 cores, 7G,  Windows 10 , 64 bit Build 19041 (10.0.19041.3393)
Time: Wed Jun 11 16:02:25 2025 Pacific Daylight Time elapsed time: 0.025877 seconds (0d 0h 0m 0s)

---------------  T H R E A D  ---------------

Current thread (0x000001eed1857920):  JavaThread "Unknown thread" [_thread_in_vm, id=5572, stack(0x000000a554200000,0x000000a554300000)]

Stack: [0x000000a554200000,0x000000a554300000]
Native frames: (J=compiled Java code, j=interpreted, Vv=VM code, C=native code)
V  [jvm.dll+0x687fc9]
V  [jvm.dll+0x83eeb8]
V  [jvm.dll+0x840963]
V  [jvm.dll+0x840fd3]
V  [jvm.dll+0x24951f]
V  [jvm.dll+0x684f89]
V  [jvm.dll+0x6794aa]
V  [jvm.dll+0x30ad27]
V  [jvm.dll+0x312296]
V  [jvm.dll+0x362bde]
V  [jvm.dll+0x362e1d]
V  [jvm.dll+0x2e1fbc]
V  [jvm.dll+0x2e2ed4]
V  [jvm.dll+0x810dbb]
V  [jvm.dll+0x3708f1]
V  [jvm.dll+0x7ef8af]
V  [jvm.dll+0x3f70ef]
V  [jvm.dll+0x3f8c21]
C  [jli.dll+0x52a0]
C  [ucrtbase.dll+0x21bb2]
C  [KERNEL32.DLL+0x17344]
C  [ntdll.dll+0x526b1]


---------------  P R O C E S S  ---------------

Threads class SMR info:
_java_thread_list=0x00007ffaa99adf98, length=0, elements={
}

Java Threads: ( => current thread )

Other Threads:
  0x000001eed1876d70 GCTaskThread "GC Thread#0" [stack: 0x000000a554300000,0x000000a554400000] [id=15276]
  0x000001eed18784c0 ConcurrentGCThread "G1 Main Marker" [stack: 0x000000a554400000,0x000000a554500000] [id=16304]
  0x000001eed1878ee0 ConcurrentGCThread "G1 Conc#0" [stack: 0x000000a554500000,0x000000a554600000] [id=9328]

[error occurred during error reporting (printing all threads), id 0xc0000005, EXCEPTION_ACCESS_VIOLATION (0xc0000005) at pc=0x00007ffaa9162b17]

VM state: not at safepoint (not fully initialized)

VM Mutex/Monitor currently owned by a thread:  ([mutex/lock_event])
[0x000001eed18539b0] Heap_lock - owner thread: 0x000001eed1857920

Heap address: 0x00000000fc000000, size: 64 MB, Compressed Oops mode: 32-bit

CDS archive(s) mapped at: [0x0000000000000000-0x0000000000000000-0x0000000000000000), size 0, SharedBaseAddress: 0x0000000800000000, ArchiveRelocationMode: 1.
Narrow klass base: 0x0000000000000000, Narrow klass shift: 0, Narrow klass range: 0x0

GC Precious Log:
<Empty>

Heap:
 garbage-first heap   total 0K, used 0K [0x00000000fc000000, 0x0000000100000000)
  region size 1024K, 0 young (0K), 0 survivors (0K)

[error occurred during error reporting (printing heap information), id 0xc0000005, EXCEPTION_ACCESS_VIOLATION (0xc0000005) at pc=0x00007ffaa9551ba9]

GC Heap History (0 events):
No events

Dll operation events (1 events):
Event: 0.013 Loaded shared library C:\Program Files\Microsoft\jdk-17.0.13.11-hotspot\bin\java.dll

Deoptimization events (0 events):
No events

Classes loaded (0 events):
No events

Classes unloaded (0 events):
No events

Classes redefined (0 events):
No events

Internal exceptions (0 events):
No events

VM Operations (0 events):
No events

Memory protections (0 events):
No events

Nmethod flushes (0 events):
No events

Events (0 events):
No events


Dynamic libraries:
0x00007ff77be40000 - 0x00007ff77be4e000 	C:\Program Files\Microsoft\jdk-17.0.13.11-hotspot\bin\java.exe
0x00007ffae18f0000 - 0x00007ffae1ae8000 	C:\Windows\SYSTEM32\ntdll.dll
0x00007ffae0dd0000 - 0x00007ffae0e8d000 	C:\Windows\System32\KERNEL32.DLL
0x00007ffadf260000 - 0x00007ffadf556000 	C:\Windows\System32\KERNELBASE.dll
0x00007ffadf760000 - 0x00007ffadf860000 	C:\Windows\System32\ucrtbase.dll
0x00007ffacf770000 - 0x00007ffacf78d000 	C:\Program Files\Microsoft\jdk-17.0.13.11-hotspot\bin\VCRUNTIME140.dll
0x00007ffad7320000 - 0x00007ffad7337000 	C:\Program Files\Microsoft\jdk-17.0.13.11-hotspot\bin\jli.dll
0x00007ffae15d0000 - 0x00007ffae176e000 	C:\Windows\System32\USER32.dll
0x00007ffacc050000 - 0x00007ffacc2ea000 	C:\Windows\WinSxS\amd64_microsoft.windows.common-controls_6595b64144ccf1df_6.0.19041.1110_none_60b5254171f9507e\COMCTL32.dll
0x00007ffadf080000 - 0x00007ffadf0a2000 	C:\Windows\System32\win32u.dll
0x00007ffae1810000 - 0x00007ffae18ae000 	C:\Windows\System32\msvcrt.dll
0x00007ffae0480000 - 0x00007ffae04ac000 	C:\Windows\System32\GDI32.dll
0x00007ffadf140000 - 0x00007ffadf25a000 	C:\Windows\System32\gdi32full.dll
0x00007ffadf6c0000 - 0x00007ffadf75d000 	C:\Windows\System32\msvcp_win.dll
0x00007ffae0100000 - 0x00007ffae0130000 	C:\Windows\System32\IMM32.DLL
0x00007ffad73f0000 - 0x00007ffad73fc000 	C:\Program Files\Microsoft\jdk-17.0.13.11-hotspot\bin\vcruntime140_1.dll
0x00007ffabb780000 - 0x00007ffabb80d000 	C:\Program Files\Microsoft\jdk-17.0.13.11-hotspot\bin\msvcp140.dll
0x00007ffaa8e70000 - 0x00007ffaa9ae1000 	C:\Program Files\Microsoft\jdk-17.0.13.11-hotspot\bin\server\jvm.dll
0x00007ffae1520000 - 0x00007ffae15ce000 	C:\Windows\System32\ADVAPI32.dll
0x00007ffae1770000 - 0x00007ffae180c000 	C:\Windows\System32\sechost.dll
0x00007ffadff70000 - 0x00007ffae0096000 	C:\Windows\System32\RPCRT4.dll
0x00007ffae04b0000 - 0x00007ffae051b000 	C:\Windows\System32\WS2_32.dll
0x00007ffadee30000 - 0x00007ffadee7b000 	C:\Windows\SYSTEM32\POWRPROF.dll
0x00007ffad7e40000 - 0x00007ffad7e4a000 	C:\Windows\SYSTEM32\VERSION.dll
0x00007ffac9690000 - 0x00007ffac96b7000 	C:\Windows\SYSTEM32\WINMM.dll
0x00007ffadee10000 - 0x00007ffadee22000 	C:\Windows\SYSTEM32\UMPDC.dll
0x00007ffadce60000 - 0x00007ffadce72000 	C:\Windows\SYSTEM32\kernel.appcore.dll
0x00007ffad72d0000 - 0x00007ffad72da000 	C:\Program Files\Microsoft\jdk-17.0.13.11-hotspot\bin\jimage.dll
0x00007ffac31a0000 - 0x00007ffac3384000 	C:\Windows\SYSTEM32\DBGHELP.DLL
0x00007ffac3160000 - 0x00007ffac3194000 	C:\Windows\SYSTEM32\dbgcore.DLL
0x00007ffadf0b0000 - 0x00007ffadf132000 	C:\Windows\System32\bcryptPrimitives.dll
0x00007ffacba40000 - 0x00007ffacba65000 	C:\Program Files\Microsoft\jdk-17.0.13.11-hotspot\bin\java.dll

dbghelp: loaded successfully - version: 4.0.5 - missing functions: none
symbol engine: initialized successfully - sym options: 0x614 - pdb path: .;C:\Program Files\Microsoft\jdk-17.0.13.11-hotspot\bin;C:\Windows\SYSTEM32;C:\Windows\WinSxS\amd64_microsoft.windows.common-controls_6595b64144ccf1df_6.0.19041.1110_none_60b5254171f9507e;C:\Program Files\Microsoft\jdk-17.0.13.11-hotspot\bin\server

VM Arguments:
jvm_args: -Xmx64m -Xms64m -Dorg.gradle.appname=gradlew 
java_command: org.gradle.wrapper.GradleWrapperMain app:installDebug -PreactNativeDevServerPort=8081
java_class_path (initial): D:\AppProject\Medicine\android\\gradle\wrapper\gradle-wrapper.jar
Launcher Type: SUN_STANDARD

[Global flags]
     intx CICompilerCount                          = 3                                         {product} {ergonomic}
     uint ConcGCThreads                            = 1                                         {product} {ergonomic}
     uint G1ConcRefinementThreads                  = 4                                         {product} {ergonomic}
   size_t G1HeapRegionSize                         = 1048576                                   {product} {ergonomic}
    uintx GCDrainStackTargetSize                   = 64                                        {product} {ergonomic}
   size_t InitialHeapSize                          = 67108864                                  {product} {command line}
   size_t MarkStackSize                            = 4194304                                   {product} {ergonomic}
   size_t MaxHeapSize                              = 67108864                                  {product} {command line}
   size_t MinHeapDeltaBytes                        = 1048576                                   {product} {ergonomic}
   size_t MinHeapSize                              = 67108864                                  {product} {command line}
    uintx NonNMethodCodeHeapSize                   = 5832780                                {pd product} {ergonomic}
    uintx NonProfiledCodeHeapSize                  = 122912730                              {pd product} {ergonomic}
    uintx ProfiledCodeHeapSize                     = 122912730                              {pd product} {ergonomic}
    uintx ReservedCodeCacheSize                    = 251658240                              {pd product} {ergonomic}
     bool SegmentedCodeCache                       = true                                      {product} {ergonomic}
   size_t SoftMaxHeapSize                          = 67108864                               {manageable} {ergonomic}
     bool UseCompressedClassPointers               = true                           {product lp64_product} {ergonomic}
     bool UseCompressedOops                        = true                           {product lp64_product} {ergonomic}
     bool UseG1GC                                  = true                                      {product} {ergonomic}
     bool UseLargePagesIndividualAllocation        = false                                  {pd product} {ergonomic}

Logging:
Log output configuration:
 #0: stdout all=warning uptime,level,tags
 #1: stderr all=off uptime,level,tags

Environment Variables:
JAVA_HOME=C:\Program Files\Microsoft\jdk-17.0.13.11-hotspot\
CLASSPATH=D:\AppProject\Medicine\android\\gradle\wrapper\gradle-wrapper.jar
PATH=D:\AppProject\Medicine\node_modules\.bin;D:\AppProject\Medicine\node_modules\.bin;D:\AppProject\node_modules\.bin;D:\node_modules\.bin;C:\Users\ART\AppData\Roaming\npm\node_modules\npm\node_modules\@npmcli\run-script\lib\node-gyp-bin;C:\Program Files\Microsoft\jdk-17.0.13.11-hotspot\bin;C:\Windows\system32;C:\Windows;C:\Windows\System32\Wbem;C:\Windows\System32\WindowsPowerShell\v1.0\;C:\Windows\System32\OpenSSH\;C:\Program Files (x86)\NVIDIA Corporation\PhysX\Common;C:\ProgramData\chocolatey\bin;C:\Users\ART\AppData\Local\Android\Sdk\platforms;C:\Users\ART\AppData\Local\Android\Sdk\platform-tools;C:\Android;C:\Program Files\nodejs\;C:\Program Files\Git\cmd;C:\Users\ART\AppData\Local\Android\Sdk\tools;C:\Users\ART\AppData\Local\Microsoft\WindowsApps;C:\Users\ART\AppData\Local\Programs\Microsoft VS Code\bin;C:\Users\ART\AppData\Local\Android\Sdk\platforms;C:\Users\ART\AppData\Local\Android\Sdk\platform-tools;C:\Users\ART\AppData\Roaming\npm
USERNAME=ART
LANG=en_US.UTF-8
OS=Windows_NT
PROCESSOR_IDENTIFIER=Intel64 Family 6 Model 78 Stepping 3, GenuineIntel
TMP=C:\Users\ART\AppData\Local\Temp
TEMP=C:\Users\ART\AppData\Local\Temp



Periodic native trim disabled


---------------  S Y S T E M  ---------------

OS:
 Windows 10 , 64 bit Build 19041 (10.0.19041.3393)
OS uptime: 23 days 19:32 hours

CPU: total 4 (initial active 4) (2 cores per cpu, 2 threads per core) family 6 model 78 stepping 3 microcode 0xcc, cx8, cmov, fxsr, ht, mmx, 3dnowpref, sse, sse2, sse3, ssse3, sse4.1, sse4.2, popcnt, lzcnt, tsc, tscinvbit, avx, avx2, aes, erms, clmul, bmi1, bmi2, adx, fma, vzeroupper, clflush, clflushopt
Processor Information for processor 0
  Max Mhz: 2401, Current Mhz: 1000, Mhz Limit: 2401
Processor Information for processor 1
  Max Mhz: 2401, Current Mhz: 1000, Mhz Limit: 2401
Processor Information for processor 2
  Max Mhz: 2401, Current Mhz: 2401, Mhz Limit: 2401
Processor Information for processor 3
  Max Mhz: 2401, Current Mhz: 1000, Mhz Limit: 2401

Memory: 4k page, system-wide physical 8075M (876M free)
TotalPageFile size 20562M (AvailPageFile size 7M)
current process WorkingSet (physical memory assigned to process): 10M, peak: 10M
current process commit charge ("private bytes"): 51M, peak: 115M

vm_info: OpenJDK 64-Bit Server VM (17.0.13+11-LTS) for windows-amd64 JRE (17.0.13+11-LTS), built on Oct 11 2024 23:25:05 by "MicrosoftCorporation" with unknown MS VC++:1939

END.
